r3964
r4036
  +empty_dir: branches/PeteSetupDev/src/TortoiseSVNWiXSetup
r4039
  +dir_prop: branches/PeteSetupDev/src/TortoiseSVNWiXSetup svn:ignore *.suo%0A
  +file_prop: branches/PeteSetupDev/src/TortoiseSVNWiXSetup/include/Banner.bmp svn:mime-type application/octet-stream
  +file_prop: branches/PeteSetupDev/src/TortoiseSVNWiXSetup/include/Complete.ico svn:mime-type application/octet-stream
  +file_prop: branches/PeteSetupDev/src/TortoiseSVNWiXSetup/include/Custom.ico svn:mime-type application/octet-stream
  +file_prop: branches/PeteSetupDev/src/TortoiseSVNWiXSetup/include/Dialog.bmp svn:mime-type application/octet-stream
  +file_prop: branches/PeteSetupDev/src/TortoiseSVNWiXSetup/include/Exclam.ico svn:mime-type application/octet-stream
  +file_prop: branches/PeteSetupDev/src/TortoiseSVNWiXSetup/include/Info.ico svn:mime-type application/octet-stream
  +file_prop: branches/PeteSetupDev/src/TortoiseSVNWiXSetup/include/License.rtf svn:mime-type application/octet-stream
  +file_prop: branches/PeteSetupDev/src/TortoiseSVNWiXSetup/include/New.ico svn:mime-type application/octet-stream
  +file_prop: branches/PeteSetupDev/src/TortoiseSVNWiXSetup/include/NewFldrBtn.bmp svn:mime-type application/octet-stream
  +file_prop: branches/PeteSetupDev/src/TortoiseSVNWiXSetup/include/Remove.ico svn:mime-type application/octet-stream
  +file_prop: branches/PeteSetupDev/src/TortoiseSVNWiXSetup/include/Repair.ico svn:mime-type application/octet-stream
  +file_prop: branches/PeteSetupDev/src/TortoiseSVNWiXSetup/include/Typical.ico svn:mime-type application/octet-stream
  +file_prop: branches/PeteSetupDev/src/TortoiseSVNWiXSetup/include/Up.ico svn:mime-type application/octet-stream
  +file_prop: branches/PeteSetupDev/src/TortoiseSVNWiXSetup/include/UpFldrBtn.bmp svn:mime-type application/octet-stream
  +file_prop: branches/PeteSetupDev/src/TortoiseSVNWiXSetup/include/dbghelp.dll svn:mime-type application/octet-stream
  +file_prop: branches/PeteSetupDev/src/TortoiseSVNWiXSetup/include/tortoisesvn_logo.jpg svn:mime-type application/octet-stream
r4045
  +dir_prop: branches/PeteSetupDev/src/TortoiseSVNWiXSetup bugtraq:logregex %5BIi%5Dssues%3F:%3F%28%5Cs*%28%2C%7Cand%29%3F%5Cs*%23%5Cd%2B%29%2B%0A%28%5Cd%2B%29
  +dir_prop: branches/PeteSetupDev/src/TortoiseSVNWiXSetup bugtraq:url http://tortoisesvn.berlios.de/issues/%3Fdo%3Ddetails%26id%3D%25BUGID%25
  +dir_prop: branches/PeteSetupDev/src/TortoiseSVNWiXSetup tsvn:logminsize 10
  +dir_prop: branches/PeteSetupDev/src/TortoiseSVNWiXSetup tsvn:projectlanguage 1033
  +dir_prop: branches/PeteSetupDev/src/TortoiseSVNWiXSetup/include bugtraq:logregex %5BIi%5Dssues%3F:%3F%28%5Cs*%28%2C%7Cand%29%3F%5Cs*%23%5Cd%2B%29%2B%0A%28%5Cd%2B%29
  +dir_prop: branches/PeteSetupDev/src/TortoiseSVNWiXSetup/include bugtraq:url http://tortoisesvn.berlios.de/issues/%3Fdo%3Ddetails%26id%3D%25BUGID%25
  +dir_prop: branches/PeteSetupDev/src/TortoiseSVNWiXSetup/include tsvn:logminsize 10
  +dir_prop: branches/PeteSetupDev/src/TortoiseSVNWiXSetup/include tsvn:projectlanguage 1033
  +file_prop: branches/PeteSetupDev/src/TortoiseSVNWiXSetup/FeaturesFragment.wxs svn:eol-style native
  +file_prop: branches/PeteSetupDev/src/TortoiseSVNWiXSetup/FeaturesFragment.wxs svn:mime-type text/xml
  +file_prop: branches/PeteSetupDev/src/TortoiseSVNWiXSetup/Includes.wxi svn:eol-style native
  +file_prop: branches/PeteSetupDev/src/TortoiseSVNWiXSetup/Includes.wxi svn:mime-type text/xml
  +file_prop: branches/PeteSetupDev/src/TortoiseSVNWiXSetup/StructureFragment.wxs svn:eol-style native
  +file_prop: branches/PeteSetupDev/src/TortoiseSVNWiXSetup/StructureFragment.wxs svn:mime-type text/xml
  +file_prop: branches/PeteSetupDev/src/TortoiseSVNWiXSetup/TortoiseSVN.wxs svn:eol-style native
  +file_prop: branches/PeteSetupDev/src/TortoiseSVNWiXSetup/TortoiseSVN.wxs svn:mime-type text/xml
  +file_prop: branches/PeteSetupDev/src/TortoiseSVNWiXSetup/UIFragment.wxs svn:eol-style native
  +file_prop: branches/PeteSetupDev/src/TortoiseSVNWiXSetup/UIFragment.wxs svn:mime-type text/xml
  +file_prop: branches/PeteSetupDev/src/TortoiseSVNWiXSetup/VersionNumberInclude.in.wxi svn:eol-style native
  +file_prop: branches/PeteSetupDev/src/TortoiseSVNWiXSetup/VersionNumberInclude.in.wxi svn:mime-type text/xml
  +file_prop: branches/PeteSetupDev/src/TortoiseSVNWiXSetup/WiXSetup.sln svn:eol-style native
  +file_prop: branches/PeteSetupDev/src/TortoiseSVNWiXSetup/WiXSetup.sln svn:mime-type text/xml
  +file_prop: branches/PeteSetupDev/src/TortoiseSVNWiXSetup/WiXSetup.wixproj svn:eol-style native
  +file_prop: branches/PeteSetupDev/src/TortoiseSVNWiXSetup/WiXSetup.wixproj svn:mime-type text/xml
r4047
r4048
r4049
r4050
r4051
r4052
r4053
r4056
r4059
r4060
  +file_prop: branches/PeteSetupDev/src/TortoiseSVNWiXSetup/MakeMsi.bat svn:eol-style native
  +file_prop: branches/PeteSetupDev/src/TortoiseSVNWiXSetup/MakeMsiSub.in.bat svn:eol-style native
r4068
  -empty_dir: branches/PeteSetupDev/src/TortoiseSVNSetup
r4069
  -empty_dir: branches/PeteSetupDev/src/TortoiseSVNWiXSetup
  +dir_prop: branches/PeteSetupDev/src/TortoiseSVNSetup bugtraq:logregex %5BIi%5Dssues%3F:%3F%28%5Cs*%28%2C%7Cand%29%3F%5Cs*%23%5Cd%2B%29%2B%0A%28%5Cd%2B%29
  +dir_prop: branches/PeteSetupDev/src/TortoiseSVNSetup bugtraq:url http://tortoisesvn.berlios.de/issues/%3Fdo%3Ddetails%26id%3D%25BUGID%25
  +dir_prop: branches/PeteSetupDev/src/TortoiseSVNSetup svn:ignore *.suo%0A
  +dir_prop: branches/PeteSetupDev/src/TortoiseSVNSetup tsvn:logminsize 10
  +dir_prop: branches/PeteSetupDev/src/TortoiseSVNSetup tsvn:projectlanguage 1033
  +dir_prop: branches/PeteSetupDev/src/TortoiseSVNSetup/include bugtraq:logregex %5BIi%5Dssues%3F:%3F%28%5Cs*%28%2C%7Cand%29%3F%5Cs*%23%5Cd%2B%29%2B%0A%28%5Cd%2B%29
  +dir_prop: branches/PeteSetupDev/src/TortoiseSVNSetup/include bugtraq:url http://tortoisesvn.berlios.de/issues/%3Fdo%3Ddetails%26id%3D%25BUGID%25
  +dir_prop: branches/PeteSetupDev/src/TortoiseSVNSetup/include tsvn:logminsize 10
  +dir_prop: branches/PeteSetupDev/src/TortoiseSVNSetup/include tsvn:projectlanguage 1033
  +file_prop: branches/PeteSetupDev/src/TortoiseSVNSetup/FeaturesFragment.wxs svn:eol-style native
  +file_prop: branches/PeteSetupDev/src/TortoiseSVNSetup/FeaturesFragment.wxs svn:mime-type text/xml
  +file_prop: branches/PeteSetupDev/src/TortoiseSVNSetup/Includes.wxi svn:eol-style native
  +file_prop: branches/PeteSetupDev/src/TortoiseSVNSetup/Includes.wxi svn:mime-type text/xml
  +file_prop: branches/PeteSetupDev/src/TortoiseSVNSetup/MakeMsi.bat svn:eol-style native
  +file_prop: branches/PeteSetupDev/src/TortoiseSVNSetup/MakeMsiSub.in.bat svn:eol-style native
  +file_prop: branches/PeteSetupDev/src/TortoiseSVNSetup/StructureFragment.wxs svn:eol-style native
  +file_prop: branches/PeteSetupDev/src/TortoiseSVNSetup/StructureFragment.wxs svn:mime-type text/xml
  +file_prop: branches/PeteSetupDev/src/TortoiseSVNSetup/TortoiseSVN.wxs svn:eol-style native
  +file_prop: branches/PeteSetupDev/src/TortoiseSVNSetup/TortoiseSVN.wxs svn:mime-type text/xml
  +file_prop: branches/PeteSetupDev/src/TortoiseSVNSetup/UIFragment.wxs svn:eol-style native
  +file_prop: branches/PeteSetupDev/src/TortoiseSVNSetup/UIFragment.wxs svn:mime-type text/xml
  +file_prop: branches/PeteSetupDev/src/TortoiseSVNSetup/VersionNumberInclude.in.wxi svn:eol-style native
  +file_prop: branches/PeteSetupDev/src/TortoiseSVNSetup/VersionNumberInclude.in.wxi svn:mime-type text/xml
  +file_prop: branches/PeteSetupDev/src/TortoiseSVNSetup/WiXSetup.sln svn:eol-style native
  +file_prop: branches/PeteSetupDev/src/TortoiseSVNSetup/WiXSetup.sln svn:mime-type text/xml
  +file_prop: branches/PeteSetupDev/src/TortoiseSVNSetup/WiXSetup.wixproj svn:eol-style native
  +file_prop: branches/PeteSetupDev/src/TortoiseSVNSetup/WiXSetup.wixproj svn:mime-type text/xml
  +file_prop: branches/PeteSetupDev/src/TortoiseSVNSetup/include/Banner.bmp svn:mime-type application/octet-stream
  +file_prop: branches/PeteSetupDev/src/TortoiseSVNSetup/include/Complete.ico svn:mime-type application/octet-stream
  +file_prop: branches/PeteSetupDev/src/TortoiseSVNSetup/include/Custom.ico svn:mime-type application/octet-stream
  +file_prop: branches/PeteSetupDev/src/TortoiseSVNSetup/include/Dialog.bmp svn:mime-type application/octet-stream
  +file_prop: branches/PeteSetupDev/src/TortoiseSVNSetup/include/Exclam.ico svn:mime-type application/octet-stream
  +file_prop: branches/PeteSetupDev/src/TortoiseSVNSetup/include/Info.ico svn:mime-type application/octet-stream
  +file_prop: branches/PeteSetupDev/src/TortoiseSVNSetup/include/License.rtf svn:mime-type application/octet-stream
  +file_prop: branches/PeteSetupDev/src/TortoiseSVNSetup/include/New.ico svn:mime-type application/octet-stream
  +file_prop: branches/PeteSetupDev/src/TortoiseSVNSetup/include/NewFldrBtn.bmp svn:mime-type application/octet-stream
  +file_prop: branches/PeteSetupDev/src/TortoiseSVNSetup/include/Remove.ico svn:mime-type application/octet-stream
  +file_prop: branches/PeteSetupDev/src/TortoiseSVNSetup/include/Repair.ico svn:mime-type application/octet-stream
  +file_prop: branches/PeteSetupDev/src/TortoiseSVNSetup/include/Typical.ico svn:mime-type application/octet-stream
  +file_prop: branches/PeteSetupDev/src/TortoiseSVNSetup/include/Up.ico svn:mime-type application/octet-stream
  +file_prop: branches/PeteSetupDev/src/TortoiseSVNSetup/include/UpFldrBtn.bmp svn:mime-type application/octet-stream
  +file_prop: branches/PeteSetupDev/src/TortoiseSVNSetup/include/dbghelp.dll svn:mime-type application/octet-stream
  +file_prop: branches/PeteSetupDev/src/TortoiseSVNSetup/include/tortoisesvn_logo.jpg svn:mime-type application/octet-stream
r4070
r4071
  +file_prop: branches/PeteSetupDev/src/TortoiseSVNSetup/readme.txt svn:eol-style native
