r8659
r8660
r8661
r8662
r8667
r8669
r8670
r8672
r8673
r8674
r8675
r8677
r8678
r8679
r8680
  -empty_dir: branches/issue_334/src/SVN/SVNUrl.cpp
  -empty_dir: branches/issue_334/src/SVN/SVNUrl.h
  -empty_dir: branches/issue_334/src/TortoiseProc/RepositoryTree.cpp
  -empty_dir: branches/issue_334/src/TortoiseProc/RepositoryTree.h
r8681
r8682
r8690
r8696
  +file_prop: branches/issue_334/src/TortoiseProc/RepoDrags.cpp svn:eol-style native
  +file_prop: branches/issue_334/src/TortoiseProc/RepoDrags.h svn:eol-style native
r8699
r8700
r8702
r8704
r8711
r8714
r8715
r8717
r8718
r8719
r8720
r8721
r8722
