r6127
r6128
  +file_prop: branches/1.3.x-x64/ext/berkeley-db/db4.3-x64/bin/libdb43.dll svn:mime-type application/octet-stream
  +file_prop: branches/1.3.x-x64/ext/berkeley-db/db4.3-x64/bin/libdb43d.dll svn:mime-type application/octet-stream
  +file_prop: branches/1.3.x-x64/ext/berkeley-db/db4.3-x64/include/db.h svn:eol-style native
  +file_prop: branches/1.3.x-x64/ext/berkeley-db/db4.3-x64/include/db_cxx.h svn:eol-style native
  +file_prop: branches/1.3.x-x64/ext/berkeley-db/db4.3-x64/lib/libdb43.exp svn:mime-type application/octet-stream
  +file_prop: branches/1.3.x-x64/ext/berkeley-db/db4.3-x64/lib/libdb43.lib svn:mime-type application/octet-stream
  +file_prop: branches/1.3.x-x64/ext/berkeley-db/db4.3-x64/lib/libdb43d.exp svn:mime-type application/octet-stream
  +file_prop: branches/1.3.x-x64/ext/berkeley-db/db4.3-x64/lib/libdb43d.lib svn:mime-type application/octet-stream
  +file_prop: branches/1.3.x-x64/ext/build/config_win.c svn:eol-style native
  +file_prop: branches/1.3.x-x64/ext/build/open.c svn:eol-style native
  +file_prop: branches/1.3.x-x64/ext/build/readwrite.c svn:eol-style native
  +file_prop: branches/1.3.x-x64/ext/build/sendrecv.c svn:eol-style native
  +file_prop: branches/1.3.x-x64/ext/svn-x64-libintl/README.txt svn:eol-style native
  +file_prop: branches/1.3.x-x64/ext/svn-x64-libintl/bin/intl3_svn.dll svn:mime-type application/octet-stream
  +file_prop: branches/1.3.x-x64/ext/svn-x64-libintl/diff-0.14.1.txt svn:eol-style native
  +file_prop: branches/1.3.x-x64/ext/svn-x64-libintl/inc/libintl.h svn:eol-style native
  +file_prop: branches/1.3.x-x64/ext/svn-x64-libintl/lib/intl3_svn.exp svn:mime-type application/octet-stream
  +file_prop: branches/1.3.x-x64/ext/svn-x64-libintl/lib/intl3_svn.lib svn:mime-type application/octet-stream
r6129
r6130
r6407
  +dir_prop: branches/1.3.x-x64/ext svn:externals Subversion%20https://svn.collab.net/repos/svn/tags/1.3.1/%0Aapr%20https://svn.apache.org/repos/asf/apr/apr/tags/0.9.7/%0Aapr-util%20https://svn.apache.org/repos/asf/apr/apr-util/tags/0.9.7/%0Aapr-iconv%20https://svn.apache.org/repos/asf/apr/apr-iconv/tags/0.9.7/%0Aneon%20http://svn.webdav.org/repos/projects/neon/tags/0.25.4/%0A
r6410
r6411
r6586
r6637
r6638
  -empty_dir: branches/1.3.x-x64/ext/build/VC-32.pl
r6639
r6677
  +dir_prop: branches/1.3.x-x64/ext svn:externals Subversion%20https://svn.collab.net/repos/svn/tags/1.3.2/%0Aapr%20https://svn.apache.org/repos/asf/apr/apr/tags/0.9.7/%0Aapr-util%20https://svn.apache.org/repos/asf/apr/apr-util/tags/0.9.7/%0Aapr-iconv%20https://svn.apache.org/repos/asf/apr/apr-iconv/tags/0.9.7/%0Aneon%20http://svn.webdav.org/repos/projects/neon/tags/0.25.4/%0A
r6678
r6679
r6687
r6831
r9254
