r5300
r5301
  +file_prop: branches/1.3.x/STATUS.txt svn:eol-style native
r5312
r5314
r5315
r5317
r5318
r5320
r5324
  +dir_prop: branches/1.3.x/ext svn:externals Subversion%20https://svn.collab.net/repos/svn/tags/1.3.0/%0Aapr%20https://svn.apache.org/repos/asf/apr/apr/tags/0.9.7/%0Aapr-util%20https://svn.apache.org/repos/asf/apr/apr-util/tags/0.9.7/%0Aapr-iconv%20https://svn.apache.org/repos/asf/apr/apr-iconv/tags/0.9.7/%0Aneon%20http://svn.webdav.org/repos/projects/neon/tags/0.25.4/%0A
r5327
r5330
r5333
r5334
r5336
r5340
r5342
r5346
r5348
r5353
r5357
r5360
r5362
  +file_prop: branches/1.3.x/ext/build/ne_sspi.c svn:eol-style native
r5365
r5368
  +file_prop: branches/1.3.x/ext/build/ne_auth.c svn:eol-style native
  +file_prop: branches/1.3.x/ext/build/ne_sspi.h svn:eol-style native
r5377
r5385
r5393
  -empty_dir: branches/1.3.x/ext/build/ne_auth.c
  -empty_dir: branches/1.3.x/ext/build/ne_sspi.c
  -empty_dir: branches/1.3.x/ext/build/ne_sspi.h
  +dir_prop: branches/1.3.x/ext svn:externals Subversion%20https://svn.collab.net/repos/svn/tags/1.3.0/%0Aapr%20https://svn.apache.org/repos/asf/apr/apr/tags/0.9.7/%0Aapr-util%20https://svn.apache.org/repos/asf/apr/apr-util/tags/0.9.7/%0Aapr-iconv%20https://svn.apache.org/repos/asf/apr/apr-iconv/tags/0.9.7/%0Aneon%20http://svn.webdav.org/repos/projects/neon/branches/0.25.x/%0A
r5406
r5416
  +dir_prop: branches/1.3.x/ext svn:externals Subversion%20https://svn.collab.net/repos/svn/tags/1.3.0/%0Aapr%20https://svn.apache.org/repos/asf/apr/apr/tags/0.9.7/%0Aapr-util%20https://svn.apache.org/repos/asf/apr/apr-util/tags/0.9.7/%0Aapr-iconv%20https://svn.apache.org/repos/asf/apr/apr-iconv/tags/0.9.7/%0Aneon%20http://svn.webdav.org/repos/projects/neon/tags/0.25.4/%0A
r5420
r5432
r5452
  -empty_dir: branches/1.3.x/ext/OpenSSL.build
  -empty_dir: branches/1.3.x/ext/Subversion.build
  -empty_dir: branches/1.3.x/ext/apr-iconv_patch/lib/iconv_module.c
  -empty_dir: branches/1.3.x/ext/berkeley-db/db4.3-win32/bin/db_archive.exe
  -empty_dir: branches/1.3.x/ext/berkeley-db/db4.3-win32/bin/db_checkpoint.exe
  -empty_dir: branches/1.3.x/ext/berkeley-db/db4.3-win32/bin/db_deadlock.exe
  -empty_dir: branches/1.3.x/ext/berkeley-db/db4.3-win32/bin/db_dump.exe
  -empty_dir: branches/1.3.x/ext/berkeley-db/db4.3-win32/bin/db_load.exe
  -empty_dir: branches/1.3.x/ext/berkeley-db/db4.3-win32/bin/db_printlog.exe
  -empty_dir: branches/1.3.x/ext/berkeley-db/db4.3-win32/bin/db_recover.exe
  -empty_dir: branches/1.3.x/ext/berkeley-db/db4.3-win32/bin/db_stat.exe
  -empty_dir: branches/1.3.x/ext/berkeley-db/db4.3-win32/bin/db_upgrade.exe
  -empty_dir: branches/1.3.x/ext/berkeley-db/db4.3-win32/bin/db_verify.exe
  -empty_dir: branches/1.3.x/ext/berkeley-db/db4.3-win32/bin/ex_access.exe
  -empty_dir: branches/1.3.x/ext/berkeley-db/db4.3-win32/bin/ex_btrec.exe
  -empty_dir: branches/1.3.x/ext/berkeley-db/db4.3-win32/bin/ex_env.exe
  -empty_dir: branches/1.3.x/ext/berkeley-db/db4.3-win32/bin/ex_lock.exe
  -empty_dir: branches/1.3.x/ext/berkeley-db/db4.3-win32/bin/ex_mpool.exe
  -empty_dir: branches/1.3.x/ext/berkeley-db/db4.3-win32/bin/ex_tpcb.exe
  -empty_dir: branches/1.3.x/ext/berkeley-db/db4.3-win32/bin/excxx_access.exe
  -empty_dir: branches/1.3.x/ext/berkeley-db/db4.3-win32/bin/excxx_btrec.exe
  -empty_dir: branches/1.3.x/ext/berkeley-db/db4.3-win32/bin/excxx_env.exe
  -empty_dir: branches/1.3.x/ext/berkeley-db/db4.3-win32/bin/excxx_lock.exe
  -empty_dir: branches/1.3.x/ext/berkeley-db/db4.3-win32/bin/excxx_mpool.exe
  -empty_dir: branches/1.3.x/ext/berkeley-db/db4.3-win32/bin/excxx_tpcb.exe
  -empty_dir: branches/1.3.x/ext/build/apr.hw
  -empty_dir: branches/1.3.x/ext/build/libaprutil.vcproj
  -empty_dir: branches/1.3.x/ext/build/modules.mk.win
  -empty_dir: branches/1.3.x/ext/build/neon.mak
  -empty_dir: branches/1.3.x/ext/build/neonconfig.hw
  +file_prop: branches/1.3.x/ext/build/OpenSSL.build svn:eol-style native
  +file_prop: branches/1.3.x/ext/build/iconv_module.c svn:eol-style native
r5456
r5461
r5467
r5494
r5510
r5521
r5524
r5541
r5550
r5567
r5585
r5595
r5597
r5610
r5615
r5627
r5643
r5656
r5675
r5726
r5743
r5759
r5764
r5792
r5804
r5829
r5840
r5870
r5881
r5888
r5895
r5896
r5905
r5907
r5909
r5919
r5923
r5929
r5930
r5936
r5984
r6022
r6029
r6031
r6077
r6082
r6090
r6112
r6157
r6159
r6166
r6180
r6199
r6205
  +dir_prop: branches/1.3.x/ext svn:externals Subversion%20https://svn.collab.net/repos/svn/tags/1.3.1/%0Aapr%20https://svn.apache.org/repos/asf/apr/apr/tags/0.9.7/%0Aapr-util%20https://svn.apache.org/repos/asf/apr/apr-util/tags/0.9.7/%0Aapr-iconv%20https://svn.apache.org/repos/asf/apr/apr-iconv/tags/0.9.7/%0Aneon%20http://svn.webdav.org/repos/projects/neon/tags/0.25.4/%0A
r6212
r6219
r6225
r6227
r6230
r6241
r6244
r6250
r6251
r6272
r6279
r6338
r6345
r6350
r6371
r6377
r6403
r6417
r6436
r6442
r6468
r6504
r6532
r6534
r6688
r6689
  +dir_prop: branches/1.3.x/ext svn:externals Subversion%20https://svn.collab.net/repos/svn/tags/1.3.2/%0Aapr%20https://svn.apache.org/repos/asf/apr/apr/tags/0.9.7/%0Aapr-util%20https://svn.apache.org/repos/asf/apr/apr-util/tags/0.9.7/%0Aapr-iconv%20https://svn.apache.org/repos/asf/apr/apr-iconv/tags/0.9.7/%0Aneon%20http://svn.webdav.org/repos/projects/neon/tags/0.25.4/%0A
r6690
r6691
r6692
r6736
r6803
r6804
r6878
r6886
r6923
r7142
r7513
