r9931
  +dir_prop: . svn:mergeinfo /trunk:1-9930
r9939
  +dir_prop: branches/RevisionGraphRewrite svnmerge-integrated /trunk:1-9930
r9940
  +dir_prop: branches/RevisionGraphRewrite svnmerge-integrated /trunk:1-9930%2C9932-9938
r9942
r9943
r9944
r9950
r9951
r9952
r9986
r9993
r9997
r9998
r10000
r10001
  -empty_dir: branches/RevisionGraphRewrite/ext/build/utf.c
  -empty_dir: branches/RevisionGraphRewrite/src/LogCache/CopyFollowingLogBatchIterator.cpp
  -empty_dir: branches/RevisionGraphRewrite/src/LogCache/CopyFollowingLogBatchIterator.h
  -empty_dir: branches/RevisionGraphRewrite/src/LogCache/LogBatchIteratorBase.cpp
  -empty_dir: branches/RevisionGraphRewrite/src/LogCache/LogBatchIteratorBase.h
  -empty_dir: branches/RevisionGraphRewrite/src/LogCache/StrictLogBatchIterator.cpp
  -empty_dir: branches/RevisionGraphRewrite/src/LogCache/StrictLogBatchIterator.h
  +dir_prop: branches/RevisionGraphRewrite svnmerge-integrated /trunk:1-9930%2C9932-9938%2C9941-9999
  +dir_prop: branches/RevisionGraphRewrite/doc/Aspell svn:ignore *.log%0ATemp.pws%0A
  +dir_prop: branches/RevisionGraphRewrite/ext svn:externals Subversion%20-r25655%20https://svn.collab.net/repos/svn/trunk/%0Aapr%20https://svn.apache.org/repos/asf/apr/apr/tags/1.2.9/%0Aapr-util%20https://svn.apache.org/repos/asf/apr/apr-util/tags/1.2.8/%0Aneon%20http://svn.webdav.org/repos/projects/neon/tags/0.26.3/%0A
  +file_prop: branches/RevisionGraphRewrite/doc/Aspell.bat svn:eol-style native
  +file_prop: branches/RevisionGraphRewrite/doc/Aspell/Readme.txt svn:eol-style native
  +file_prop: branches/RevisionGraphRewrite/doc/Aspell/TortoiseSVN.tmpl.pws svn:eol-style native
  +file_prop: branches/RevisionGraphRewrite/doc/Aspell/de.pws svn:eol-style native
  +file_prop: branches/RevisionGraphRewrite/doc/Aspell/en.pws svn:eol-style native
  +file_prop: branches/RevisionGraphRewrite/src/TortoiseProc/LogDlgHelper.cpp svn:eol-style native
  +file_prop: branches/RevisionGraphRewrite/src/TortoiseProc/LogDlgHelper.h svn:eol-style native
  +file_prop: branches/RevisionGraphRewrite/test/BuildMergeHistoryRepo.bat svn:eol-style native
r10006
r10007
r10013
r10014
r10015
r10019
r10020
r10021
r10025
r10026
r10027
r10028
r10048
r10050
r10057
  +file_prop: branches/RevisionGraphRewrite/src/Resources/revgraph_split.ico svn:mime-type image/x-icon
  +file_prop: branches/RevisionGraphRewrite/src/Resources/revgraph_tag.ico svn:mime-type image/x-icon
r10058
r10059
r10060
r10064
  +dir_prop: branches/RevisionGraphRewrite svnmerge-integrated /trunk:1-9930%2C9932-9938%2C9941-9999%2C10002-10061
  +dir_prop: branches/RevisionGraphRewrite/ext svn:externals Subversion%20-r25655%20https://svn.collab.net/repos/svn/trunk/%0Aapr%20https://svn.apache.org/repos/asf/apr/apr/tags/1.2.9/%0Aapr-util%20https://svn.apache.org/repos/asf/apr/apr-util/tags/1.2.8/%0Aneon%20http://svn.webdav.org/repos/projects/neon/tags/0.26.3/%0Aserf%20http://serf.googlecode.com/svn/tags/0.1.2/%0A
  +file_prop: branches/RevisionGraphRewrite/ext/build/serf.build svn:eol-style native
  +file_prop: branches/RevisionGraphRewrite/ext/build/serf.build svn:mime-type text/xml
  +file_prop: branches/RevisionGraphRewrite/src/SVN/SVNLogHelper.cpp svn:eol-style native
  +file_prop: branches/RevisionGraphRewrite/src/SVN/SVNLogHelper.h svn:eol-style native
